<?xml version="1.0" encoding="UTF-8"?>
<!-- Generated by org.testng.reporters.JUnitReportReporter -->
<testsuite hostname="LTIN194652" failures="0" tests="7" name="identifyCourses.IdentifyCourses" time="347.992" errors="0" timestamp="2024-02-22T14:44:16 IST" skipped="0">
  <testcase classname="identifyCourses.IdentifyCourses" name="launchBrowser" time="11.159"/>
  <testcase classname="identifyCourses.IdentifyCourses" name="coursera" time="19.126"/>
  <testcase classname="identifyCourses.IdentifyCourses" name="courseSearch" time="64.686"/>
  <testcase classname="identifyCourses.IdentifyCourses" name="couserDetails" time="103.606"/>
  <testcase classname="identifyCourses.IdentifyCourses" name="LanandLvl" time="100.914"/>
  <testcase classname="identifyCourses.IdentifyCourses" name="form" time="48.497"/>
  <testcase classname="identifyCourses.IdentifyCourses" name="closeBrowser" time="0.004"/>
</testsuite> <!-- identifyCourses.IdentifyCourses -->
